2026-02-09 23:16:43,679 | INFO | main | Starting loan application processing
2026-02-09 23:16:43,679 | INFO | main | Starting loan application processing
2026-02-09 23:16:43,706 | INFO | db | Database tables initialized successfully
2026-02-09 23:16:43,706 | INFO | db | Database tables initialized successfully
2026-02-09 23:16:44,207 | WARNING | main | Identity verification failed
2026-02-09 23:16:44,207 | WARNING | main | Identity verification failed
2026-02-09 23:18:04,155 | INFO | main | Starting loan application processing
2026-02-09 23:18:04,155 | INFO | main | Starting loan application processing
2026-02-09 23:18:04,158 | INFO | db | Database tables initialized successfully
2026-02-09 23:18:04,158 | INFO | db | Database tables initialized successfully
2026-02-09 23:18:04,667 | WARNING | main | Identity verification failed
2026-02-09 23:18:04,667 | WARNING | main | Identity verification failed
2026-02-09 23:21:27,607 | INFO | main | Starting loan application processing
2026-02-09 23:21:27,607 | INFO | main | Starting loan application processing
2026-02-09 23:21:27,610 | INFO | db | Database tables initialized successfully
2026-02-09 23:21:27,610 | INFO | db | Database tables initialized successfully
2026-02-09 23:21:28,111 | INFO | main | Applicant data collected successfully
2026-02-09 23:21:28,111 | INFO | main | Applicant data collected successfully
2026-02-09 23:21:28,128 | INFO | db | Loan decision stored | Applicant=Sample User | Decision=REJECTED
2026-02-09 23:21:28,128 | INFO | db | Loan decision stored | Applicant=Sample User | Decision=REJECTED
2026-02-09 23:21:28,130 | INFO | main | Loan processed successfully | Applicant=Sample User | Decision=REJECTED
2026-02-09 23:21:28,130 | INFO | main | Loan processed successfully | Applicant=Sample User | Decision=REJECTED
2026-02-09 23:49:04,511 | INFO | main | Starting loan application processing
2026-02-09 23:49:04,511 | INFO | main | Starting loan application processing
2026-02-09 23:49:04,539 | INFO | db | Database tables initialized successfully
2026-02-09 23:49:04,539 | INFO | db | Database tables initialized successfully
2026-02-09 23:49:05,040 | INFO | main | Applicant data collected successfully
2026-02-09 23:49:05,040 | INFO | main | Applicant data collected successfully
2026-02-09 23:49:05,056 | INFO | db | Loan decision stored | Applicant=Sample User | Decision=REVIEW
2026-02-09 23:49:05,056 | INFO | db | Loan decision stored | Applicant=Sample User | Decision=REVIEW
2026-02-09 23:49:05,060 | INFO | main | Loan processed successfully | Applicant=Sample User | Decision=REVIEW
2026-02-09 23:49:05,060 | INFO | main | Loan processed successfully | Applicant=Sample User | Decision=REVIEW
